2016/06/03 12:49:06 にビルドを開始しました。
     1>ノード 2 上のプロジェクト "C:\Users\otsuka.kei\Documents\Visual Studio 2010\Projects\Cragames20160518\Cragames20160518.vcxproj" (build ターゲット)。
     1>InitializeBuildStatus:
         "Debug\Cragames20160518.unsuccessfulbuild" のタッチ タスクを実行しています。
       ClCompile:
         C:\Program Files (x86)\Microsoft Visual Studio 10.0\VC\bin\CL.exe /c /ZI /nologo /W3 /WX- /Od /Oy- /D WIN32 /D _DEBUG /D _WINDOWS /D _MBCS /Gm /EHsc /RTC1 /MDd /GS /fp:precise /Zc:wchar_t /Zc:forScope /Fo"Debug\\" /Fd"Debug\vc100.pdb" /Gd /TP /analyze- /errorReport:prompt UI.cpp
         UI.cpp
       ManifestResourceCompile:
         すべての出力が最新のものです。
       Link:
         C:\Program Files (x86)\Microsoft Visual Studio 10.0\VC\bin\link.exe /ERRORREPORT:PROMPT /OUT:"C:\Users\otsuka.kei\Documents\Visual Studio 2010\Projects\Cragames20160518\Debug\Cragames20160518.exe" /INCREMENTAL /NOLOGO kernel32.lib user32.lib gdi32.lib winspool.lib comdlg32.lib advapi32.lib shell32.lib ole32.lib oleaut32.lib uuid.lib odbc32.lib odbccp32.lib /MANIFEST /ManifestFile:"Debug\Cragames20160518.exe.intermediate.manifest" /MANIFESTUAC:"level='asInvoker' uiAccess='false'" /DEBUG /PDB:"C:\Users\otsuka.kei\Documents\Visual Studio 2010\Projects\Cragames20160518\Debug\Cragames20160518.pdb" /SUBSYSTEM:WINDOWS /TLBID:1 /DYNAMICBASE /NXCOMPAT /IMPLIB:"C:\Users\otsuka.kei\Documents\Visual Studio 2010\Projects\Cragames20160518\Debug\Cragames20160518.lib" /MACHINE:X86 Debug\Cragames20160518.exe.embed.manifest.res
         Debug\Camera.obj
         Debug\CollisionDetection.obj
         Debug\DebugProc.obj
         Debug\Effect.obj
         Debug\Fade.obj
         Debug\Game.obj
         Debug\Input.obj
         Debug\Light.obj
         Debug\Main.obj
         Debug\Object.obj
         Debug\Player.obj
         Debug\Result.obj
         Debug\Shadow.obj
         Debug\Sound.obj
         Debug\Texture.obj
         Debug\Title.obj
         Debug\UI.obj
         Debug\XFile.obj
       Manifest:
         C:\Program Files (x86)\Microsoft SDKs\Windows\v7.0A\bin\mt.exe /nologo /verbose /out:"Debug\Cragames20160518.exe.embed.manifest" /manifest Debug\Cragames20160518.exe.intermediate.manifest
         すべての出力が最新のものです。
       LinkEmbedManifest:
         すべての出力が最新のものです。
         Cragames20160518.vcxproj -> C:\Users\otsuka.kei\Documents\Visual Studio 2010\Projects\Cragames20160518\Debug\Cragames20160518.exe
       FinalizeBuildStatus:
         ファイル "Debug\Cragames20160518.unsuccessfulbuild" を削除しています。
         "Debug\Cragames20160518.lastbuildstate" のタッチ タスクを実行しています。
     1>プロジェクト "C:\Users\otsuka.kei\Documents\Visual Studio 2010\Projects\Cragames20160518\Cragames20160518.vcxproj" (build ターゲット) のビルドが完了しました。

ビルドに成功しました。

経過時間 00:00:02.21
